<?xml version="1.0" encoding="UTF-8"?>
<!-- Generated by org.testng.reporters.JUnitReportReporter -->
<testsuite skipped="0" hostname="ubuntu-vm" name="Tests.connectionTest2" tests="1" failures="0" timestamp="2020-01-30T00:59:42 IST" time="0.560" errors="0">
  <testcase name="ConnectiontoMsql" time="0.560" classname="Tests.connectionTest2"/>
</testsuite> <!-- Tests.connectionTest2 -->
