<?xml version="1.0" encoding="UTF-8"?>
<!-- Generated by org.testng.reporters.JUnitReportReporter -->
<testsuite skipped="0" hostname="andrey-Lenovo-Z580" name="Hashavshevet.connectionTest" tests="1" failures="0" timestamp="2020-01-29T14:49:54 IST" time="1.144" errors="0">
  <testcase name="ConnectiontoMsql" time="1.144" classname="Hashavshevet.connectionTest"/>
</testsuite> <!-- Hashavshevet.connectionTest -->
