<?xml version="1.0" encoding="UTF-8"?>
<!-- Generated by org.testng.reporters.JUnitReportReporter -->
<testsuite skipped="0" hostname="andrey-Lenovo-Z580" name="Tests.connectionTest" tests="1" failures="0" timestamp="2020-01-29T15:01:59 IST" time="0.545" errors="0">
  <testcase name="ConnectiontoMsql" time="0.545" classname="Tests.connectionTest"/>
</testsuite> <!-- Tests.connectionTest -->
